-------------------------------------------------------------------------------
Test set: com.bcopstein.ServicoDeVendasTest
-------------------------------------------------------------------------------
Tests run: 4, Failures: 4, Errors: 0, Skipped: 0, Time elapsed: 0.037 s <<< FAILURE! - in com.bcopstein.ServicoDeVendasTest
com.bcopstein.ServicoDeVendasTest.TodosOsValoresTeste  Time elapsed: 0.006 s  <<< FAILURE!
org.opentest4j.AssertionFailedError: Unexpected exception thrown: com.bcopstein.SistVendasException: QUANTIDADE_INSUFICIENTE
	at com.bcopstein.ServicoDeVendasTest.TodosOsValoresTeste(ServicoDeVendasTest.java:165)
Caused by: com.bcopstein.SistVendasException: QUANTIDADE_INSUFICIENTE
	at com.bcopstein.ServicoDeVendasTest.lambda$TodosOsValoresTeste$3(ServicoDeVendasTest.java:165)
	at com.bcopstein.ServicoDeVendasTest.TodosOsValoresTeste(ServicoDeVendasTest.java:165)

com.bcopstein.ServicoDeVendasTest.calculaImpostoGrandeTeste  Time elapsed: 0.006 s  <<< FAILURE!
org.opentest4j.AssertionFailedError: Unexpected exception thrown: com.bcopstein.SistVendasException: QUANTIDADE_INSUFICIENTE
	at com.bcopstein.ServicoDeVendasTest.calculaImpostoGrandeTeste(ServicoDeVendasTest.java:99)
Caused by: com.bcopstein.SistVendasException: QUANTIDADE_INSUFICIENTE
	at com.bcopstein.ServicoDeVendasTest.lambda$calculaImpostoGrandeTeste$1(ServicoDeVendasTest.java:99)
	at com.bcopstein.ServicoDeVendasTest.calculaImpostoGrandeTeste(ServicoDeVendasTest.java:99)

com.bcopstein.ServicoDeVendasTest.calculaPrecoFinalTeste  Time elapsed: 0.008 s  <<< FAILURE!
org.opentest4j.AssertionFailedError: Unexpected exception thrown: com.bcopstein.SistVendasException: QUANTIDADE_INSUFICIENTE
	at com.bcopstein.ServicoDeVendasTest.calculaPrecoFinalTeste(ServicoDeVendasTest.java:133)
Caused by: com.bcopstein.SistVendasException: QUANTIDADE_INSUFICIENTE
	at com.bcopstein.ServicoDeVendasTest.lambda$calculaPrecoFinalTeste$2(ServicoDeVendasTest.java:133)
	at com.bcopstein.ServicoDeVendasTest.calculaPrecoFinalTeste(ServicoDeVendasTest.java:133)

com.bcopstein.ServicoDeVendasTest.calculaImpostoOriginalTeste  Time elapsed: 0.006 s  <<< FAILURE!
org.opentest4j.AssertionFailedError: Unexpected exception thrown: com.bcopstein.SistVendasException: QUANTIDADE_INSUFICIENTE
	at com.bcopstein.ServicoDeVendasTest.calculaImpostoOriginalTeste(ServicoDeVendasTest.java:66)
Caused by: com.bcopstein.SistVendasException: QUANTIDADE_INSUFICIENTE
	at com.bcopstein.ServicoDeVendasTest.lambda$calculaImpostoOriginalTeste$0(ServicoDeVendasTest.java:66)
	at com.bcopstein.ServicoDeVendasTest.calculaImpostoOriginalTeste(ServicoDeVendasTest.java:66)

