<?xml version="1.0" encoding="UTF-8"?>
<testsuite xmlns:xsi="http://www.w3.org/2001/XMLSchema-instance" xsi:noNamespaceSchemaLocation="https://maven.apache.org/surefire/maven-surefire-plugin/xsd/surefire-test-report-3.0.xsd" version="3.0" name="com.bcopstein.FactoryValidacaoTest" time="0.109" tests="2" errors="0" skipped="0" failures="0">
  <properties>
[...]
</properties>
  <testcase name="testeValidacaoFora" classname="com.bcopstein.FactoryValidacaoTest" time="0.105"/>
  <testcase name="testeValidacaoDentro" classname="com.bcopstein.FactoryValidacaoTest" time="0.002"/>
</testsuite>